<?xml version="1.0" encoding="UTF-8"?>
<!-- Generated by org.testng.reporters.JUnitReportReporter -->
<testsuite hostname="Apanchal" failures="0" tests="1" name="testCases.TC002_LoginTest" time="1.634" errors="0" timestamp="2024-09-09T08:07:50 EDT" skipped="0">
  <testcase classname="testCases.TC002_LoginTest" name="verify_login" time="1.634"/>
</testsuite> <!-- testCases.TC002_LoginTest -->
