<?xml version="1.0" encoding="UTF-8"?>
<!-- Generated by org.testng.reporters.JUnitReportReporter -->
<testsuite hostname="Apanchal" failures="0" tests="1" name="testCases.TC002_LoginTest" time="1.568" errors="0" timestamp="2024-09-11T07:11:09 EDT" skipped="0">
  <testcase classname="testCases.TC002_LoginTest" name="verify_login" time="1.568"/>
</testsuite> <!-- testCases.TC002_LoginTest -->
