<?xml version="1.0" encoding="UTF-8"?>
<!-- Generated by org.testng.reporters.JUnitReportReporter -->
<testsuite hostname="Apanchal" failures="0" tests="1" name="testCases.TC002_LoginTest" time="1.836" errors="0" timestamp="2024-09-14T16:53:10 EDT" skipped="0">
  <testcase classname="testCases.TC002_LoginTest" name="verify_login" time="1.836"/>
</testsuite> <!-- testCases.TC002_LoginTest -->
